<?xml version="1.0" encoding="UTF-8"?>
<testsuite xmlns:xsi="http://www.w3.org/2001/XMLSchema-instance" xsi:noNamespaceSchemaLocation="https://maven.apache.org/surefire/maven-surefire-plugin/xsd/surefire-test-report.xsd" name="revature.ProjectManagementAPI.OAuth2UserTest" time="0.466" tests="2" errors="0" skipped="0" failures="0">
  <properties>
[...]
</properties>
  <testcase name="shouldReturnEmail" classname="revature.ProjectManagementAPI.OAuth2UserTest" time="0.434"/>
  <testcase name="shouldReturnName" classname="revature.ProjectManagementAPI.OAuth2UserTest" time="0.001"/>
</testsuite>